#
# There is insufficient memory for the Java Runtime Environment to continue.
# Native memory allocation (mmap) failed to map 32505856 bytes for Failed to commit area from 0x000000008d200000 to 0x000000008f100000 of length 32505856.
# Possible reasons:
#   The system is out of physical RAM or swap space
#   The process is running with CompressedOops enabled, and the Java Heap may be blocking the growth of the native heap
# Possible solutions:
#   Reduce memory load on the system
#   Increase physical memory or swap space
#   Check if swap backing store is full
#   Decrease Java heap size (-Xmx/-Xms)
#   Decrease number of Java threads
#   Decrease Java thread stack sizes (-Xss)
#   Set larger code cache with -XX:ReservedCodeCacheSize=
#   JVM is running with Unscaled Compressed Oops mode in which the Java heap is
#     placed in the first 4GB address space. The Java Heap base address is the
#     maximum limit for the native heap growth. Please use -XX:HeapBaseMinAddress
#     to set the Java Heap base and to place the Java Heap above 4GB virtual address.
# This output file may be truncated or incomplete.
#
#  Out of Memory Error (./open/src/hotspot/os/windows/os_windows.cpp:3287), pid=26564, tid=24264
#
# JRE version: Java(TM) SE Runtime Environment 18.9 (11.0.16+11) (build 11.0.16+11-LTS-199)
# Java VM: Java HotSpot(TM) 64-Bit Server VM 18.9 (11.0.16+11-LTS-199, mixed mode, tiered, compressed oops, g1 gc, windows-amd64)
# No core dump will be written. Minidumps are not enabled by default on client versions of Windows
#

---------------  S U M M A R Y ------------

Command Line: -Dclassworlds.conf=C:\Program Files\apache-maven-3.6.1-bin\apache-maven-3.6.1\bin\..\bin\m2.conf -Dmaven.home=C:\Program Files\apache-maven-3.6.1-bin\apache-maven-3.6.1\bin\.. -Dlibrary.jansi.path=C:\Program Files\apache-maven-3.6.1-bin\apache-maven-3.6.1\bin\..\lib\jansi-native -Dmaven.multiModuleProjectDirectory=D:\Workspace\e-auction\spring-cloud-stream-publisher org.codehaus.plexus.classworlds.launcher.Launcher clean install

Host: 11th Gen Intel(R) Core(TM) i5-1135G7 @ 2.40GHz, 8 cores, 7G,  Windows 10 , 64 bit Build 19041 (10.0.19041.1889)
Time: Mon Sep 26 18:15:32 2022 India Standard Time elapsed time: 9.457444 seconds (0d 0h 0m 9s)

---------------  T H R E A D  ---------------

Current thread (0x000001ceee007800):  VMThread "VM Thread" [stack: 0x000000a47fa00000,0x000000a47fb00000] [id=24264]

Stack: [0x000000a47fa00000,0x000000a47fb00000]
[error occurred during error reporting (printing stack bounds), id 0xc0000005, EXCEPTION_ACCESS_VIOLATION (0xc0000005) at pc=0x000001ced70d10e7]

Native frames: (J=compiled Java code, j=interpreted, Vv=VM code, C=native code)
V  [jvm.dll+0x62a3ea]
V  [jvm.dll+0x76418f]
V  [jvm.dll+0x765839]
V  [jvm.dll+0x765e25]
V  [jvm.dll+0x765ddb]
V  [jvm.dll+0x6298d3]
V  [jvm.dll+0x629fe8]
C  [ntdll.dll+0xa235f]
C  [ntdll.dll+0x514a4]
C  [ntdll.dll+0xa0e8e]
C  0x000001ced70d10e7

VM_Operation (0x000000a47f4fa9f0): G1CollectForAllocation, mode: safepoint, requested by thread 0x000001cecf9f7000


---------------  P R O C E S S  ---------------

Threads class SMR info:
_java_thread_list=0x000001cef062b250, length=10, elements={
0x000001cecf9f7000, 0x000001ceee00b000, 0x000001ceee02d800, 0x000001ceee04a800,
0x000001ceee04d800, 0x000001ceee050000, 0x000001ceee052000, 0x000001ceee055000,
0x000001ceee058800, 0x000001ceeeb32800
}

Java Threads: ( => current thread )
  0x000001cecf9f7000 JavaThread "main" [_thread_blocked, id=13200, stack(0x000000a47f400000,0x000000a47f500000)]
  0x000001ceee00b000 JavaThread "Reference Handler" daemon [_thread_blocked, id=24212, stack(0x000000a47fb00000,0x000000a47fc00000)]
  0x000001ceee02d800 JavaThread "Finalizer" daemon [_thread_blocked, id=25868, stack(0x000000a47fc00000,0x000000a47fd00000)]
  0x000001ceee04a800 JavaThread "Signal Dispatcher" daemon [_thread_blocked, id=12356, stack(0x000000a47fd00000,0x000000a47fe00000)]
  0x000001ceee04d800 JavaThread "Attach Listener" daemon [_thread_blocked, id=13000, stack(0x000000a47fe00000,0x000000a47ff00000)]
  0x000001ceee050000 JavaThread "Service Thread" daemon [_thread_blocked, id=14320, stack(0x000000a47ff00000,0x000000a480000000)]
  0x000001ceee052000 JavaThread "C2 CompilerThread0" daemon [_thread_blocked, id=26120, stack(0x000000a400000000,0x000000a400100000)]
  0x000001ceee055000 JavaThread "C1 CompilerThread0" daemon [_thread_blocked, id=13444, stack(0x000000a400100000,0x000000a400200000)]
  0x000001ceee058800 JavaThread "Sweeper thread" daemon [_thread_blocked, id=20132, stack(0x000000a400200000,0x000000a400300000)]
  0x000001ceeeb32800 JavaThread "Common-Cleaner" daemon [_thread_blocked, id=14824, stack(0x000000a400400000,0x000000a400500000)]

Other Threads:
=>0x000001ceee007800 VMThread "VM Thread" [stack: 0x000000a47fa00000,0x000000a47fb00000] [id=24264]
  0x000001ceeeb31800 WatcherThread [stack: 0x000000a400300000,0x000000a400400000] [id=19636]
  0x000001cecfa0b000 GCTaskThread "GC Thread#0" [stack: 0x000000a47f500000,0x000000a47f600000] [id=7220]
  0x000001ceeee5f000 GCTaskThread "GC Thread#1" [stack: 0x000000a400600000,0x000000a400700000] [id=24400]
  0x000001ceef823800 GCTaskThread "GC Thread#2" [stack: 0x000000a400700000,0x000000a400800000] [id=15588]
  0x000001cecfa3b000 ConcurrentGCThread "G1 Main Marker" [stack: 0x000000a47f600000,0x000000a47f700000] [id=19464]
  0x000001cecfa3c800 ConcurrentGCThread "G1 Conc#0" [stack: 0x000000a47f700000,0x000000a47f800000] [id=10132]
  0x000001cef1328800 ConcurrentGCThread "G1 Conc#1" [stack: 0x000000a400800000,0x000000a400900000] [id=9640]
  0x000001ceede81800 ConcurrentGCThread "G1 Refine#0" [stack: 0x000000a47f800000,0x000000a47f900000] [id=22232]
  0x000001cecfacf800 ConcurrentGCThread "G1 Young RemSet Sampling" [stack: 0x000000a47f900000,0x000000a47fa00000] [id=14848]

Threads with active compile tasks:
C2 CompilerThread0     9492 6926   !   4       java.nio.file.Files::walkFileTree (294 bytes)

VM state:at safepoint (normal execution)

VM Mutex/Monitor currently owned by a thread:  ([mutex/lock_event])
[0x000001cecf9f3a90] Threads_lock - owner thread: 0x000001ceee007800
[0x000001cecf9f3100] Heap_lock - owner thread: 0x000001cecf9f7000

Heap address: 0x0000000083a00000, size: 1990 MB, Compressed Oops mode: 32-bit
Narrow klass base: 0x0000000000000000, Narrow klass shift: 3
Compressed class space size: 1073741824 Address: 0x0000000100000000

Heap:
 garbage-first heap   total 187392K, used 87704K [0x0000000083a00000, 0x0000000100000000)
  region size 1024K, 6 young (6144K), 6 survivors (6144K)
 Metaspace       used 35536K, capacity 36260K, committed 36428K, reserved 1081344K
  class space    used 3725K, capacity 3987K, committed 4044K, reserved 1048576K
Heap Regions: E=young(eden), S=young(survivor), O=old, HS=humongous(starts), HC=humongous(continues), CS=collection set, F=free, A=archive, TAMS=top-at-mark-start (previous, next)
|   0|0x0000000083a00000, 0x0000000083b00000, 0x0000000083b00000|100%| O|  |TAMS 0x0000000083b00000, 0x0000000083a00000| Untracked 
|   1|0x0000000083b00000, 0x0000000083c00000, 0x0000000083c00000|100%| O|  |TAMS 0x0000000083c00000, 0x0000000083b00000| Untracked 
|   2|0x0000000083c00000, 0x0000000083d00000, 0x0000000083d00000|100%| O|  |TAMS 0x0000000083d00000, 0x0000000083c00000| Untracked 
|   3|0x0000000083d00000, 0x0000000083e00000, 0x0000000083e00000|100%| O|  |TAMS 0x0000000083e00000, 0x0000000083d00000| Untracked 
|   4|0x0000000083e00000, 0x0000000083f00000, 0x0000000083f00000|100%| O|  |TAMS 0x0000000083f00000, 0x0000000083e00000| Untracked 
|   5|0x0000000083f00000, 0x0000000084000000, 0x0000000084000000|100%| O|  |TAMS 0x0000000084000000, 0x0000000083f00000| Untracked 
|   6|0x0000000084000000, 0x0000000084100000, 0x0000000084100000|100%| O|  |TAMS 0x0000000084100000, 0x0000000084000000| Untracked 
|   7|0x0000000084100000, 0x0000000084200000, 0x0000000084200000|100%| O|  |TAMS 0x0000000084200000, 0x0000000084100000| Untracked 
|   8|0x0000000084200000, 0x0000000084300000, 0x0000000084300000|100%| O|  |TAMS 0x0000000084300000, 0x0000000084200000| Untracked 
|   9|0x0000000084300000, 0x0000000084400000, 0x0000000084400000|100%| O|  |TAMS 0x0000000084400000, 0x0000000084300000| Untracked 
|  10|0x0000000084400000, 0x0000000084500000, 0x0000000084500000|100%| O|  |TAMS 0x0000000084500000, 0x0000000084400000| Untracked 
|  11|0x0000000084500000, 0x0000000084600000, 0x0000000084600000|100%| O|  |TAMS 0x0000000084600000, 0x0000000084500000| Untracked 
|  12|0x0000000084600000, 0x0000000084700000, 0x0000000084700000|100%| O|  |TAMS 0x0000000084700000, 0x0000000084600000| Untracked 
|  13|0x0000000084700000, 0x0000000084800000, 0x0000000084800000|100%| O|  |TAMS 0x0000000084800000, 0x0000000084700000| Untracked 
|  14|0x0000000084800000, 0x0000000084900000, 0x0000000084900000|100%| O|  |TAMS 0x0000000084900000, 0x0000000084800000| Untracked 
|  15|0x0000000084900000, 0x0000000084a00000, 0x0000000084a00000|100%| O|  |TAMS 0x0000000084a00000, 0x0000000084900000| Untracked 
|  16|0x0000000084a00000, 0x0000000084b00000, 0x0000000084b00000|100%| O|  |TAMS 0x0000000084b00000, 0x0000000084a00000| Untracked 
|  17|0x0000000084b00000, 0x0000000084c00000, 0x0000000084c00000|100%| O|  |TAMS 0x0000000084c00000, 0x0000000084b00000| Untracked 
|  18|0x0000000084c00000, 0x0000000084d00000, 0x0000000084d00000|100%| O|  |TAMS 0x0000000084d00000, 0x0000000084c00000| Untracked 
|  19|0x0000000084d00000, 0x0000000084e00000, 0x0000000084e00000|100%| O|  |TAMS 0x0000000084e00000, 0x0000000084d00000| Untracked 
|  20|0x0000000084e00000, 0x0000000084f00000, 0x0000000084f00000|100%| O|  |TAMS 0x0000000084f00000, 0x0000000084e00000| Untracked 
|  21|0x0000000084f00000, 0x0000000085000000, 0x0000000085000000|100%| O|  |TAMS 0x0000000085000000, 0x0000000084f00000| Untracked 
|  22|0x0000000085000000, 0x0000000085100000, 0x0000000085100000|100%| O|  |TAMS 0x0000000085100000, 0x0000000085000000| Untracked 
|  23|0x0000000085100000, 0x0000000085200000, 0x0000000085200000|100%| O|  |TAMS 0x0000000085200000, 0x0000000085100000| Untracked 
|  24|0x0000000085200000, 0x0000000085300000, 0x0000000085300000|100%| O|  |TAMS 0x0000000085300000, 0x0000000085200000| Untracked 
|  25|0x0000000085300000, 0x0000000085400000, 0x0000000085400000|100%| O|  |TAMS 0x0000000085400000, 0x0000000085300000| Untracked 
|  26|0x0000000085400000, 0x0000000085500000, 0x0000000085500000|100%| O|  |TAMS 0x0000000085500000, 0x0000000085400000| Untracked 
|  27|0x0000000085500000, 0x0000000085600000, 0x0000000085600000|100%| O|  |TAMS 0x0000000085600000, 0x0000000085500000| Untracked 
|  28|0x0000000085600000, 0x0000000085700000, 0x0000000085700000|100%| O|  |TAMS 0x0000000085700000, 0x0000000085600000| Untracked 
|  29|0x0000000085700000, 0x0000000085800000, 0x0000000085800000|100%| O|  |TAMS 0x0000000085800000, 0x0000000085700000| Untracked 
|  30|0x0000000085800000, 0x0000000085900000, 0x0000000085900000|100%| O|  |TAMS 0x0000000085900000, 0x0000000085800000| Untracked 
|  31|0x0000000085900000, 0x0000000085a00000, 0x0000000085a00000|100%| O|  |TAMS 0x0000000085a00000, 0x0000000085900000| Untracked 
|  32|0x0000000085a00000, 0x0000000085b00000, 0x0000000085b00000|100%| O|  |TAMS 0x0000000085b00000, 0x0000000085a00000| Untracked 
|  33|0x0000000085b00000, 0x0000000085c00000, 0x0000000085c00000|100%| O|  |TAMS 0x0000000085c00000, 0x0000000085b00000| Untracked 
|  34|0x0000000085c00000, 0x0000000085d00000, 0x0000000085d00000|100%| O|  |TAMS 0x0000000085d00000, 0x0000000085c00000| Untracked 
|  35|0x0000000085d00000, 0x0000000085e00000, 0x0000000085e00000|100%| O|  |TAMS 0x0000000085e00000, 0x0000000085d00000| Untracked 
|  36|0x0000000085e00000, 0x0000000085f00000, 0x0000000085f00000|100%| O|  |TAMS 0x0000000085f00000, 0x0000000085e00000| Untracked 
|  37|0x0000000085f00000, 0x0000000086000000, 0x0000000086000000|100%| O|  |TAMS 0x0000000086000000, 0x0000000085f00000| Untracked 
|  38|0x0000000086000000, 0x0000000086100000, 0x0000000086100000|100%| O|  |TAMS 0x0000000086100000, 0x0000000086000000| Untracked 
|  39|0x0000000086100000, 0x0000000086200000, 0x0000000086200000|100%| O|  |TAMS 0x0000000086200000, 0x0000000086100000| Untracked 
|  40|0x0000000086200000, 0x0000000086300000, 0x0000000086300000|100%| O|  |TAMS 0x0000000086300000, 0x0000000086200000| Untracked 
|  41|0x0000000086300000, 0x0000000086400000, 0x0000000086400000|100%| O|  |TAMS 0x0000000086400000, 0x0000000086300000| Untracked 
|  42|0x0000000086400000, 0x0000000086500000, 0x0000000086500000|100%| O|  |TAMS 0x0000000086500000, 0x0000000086400000| Untracked 
|  43|0x0000000086500000, 0x0000000086600000, 0x0000000086600000|100%| O|  |TAMS 0x0000000086600000, 0x0000000086500000| Untracked 
|  44|0x0000000086600000, 0x0000000086700000, 0x0000000086700000|100%| O|  |TAMS 0x0000000086700000, 0x0000000086600000| Untracked 
|  45|0x0000000086700000, 0x0000000086800000, 0x0000000086800000|100%| O|  |TAMS 0x0000000086800000, 0x0000000086700000| Untracked 
|  46|0x0000000086800000, 0x0000000086900000, 0x0000000086900000|100%| O|  |TAMS 0x0000000086900000, 0x0000000086800000| Untracked 
|  47|0x0000000086900000, 0x0000000086a00000, 0x0000000086a00000|100%| O|  |TAMS 0x0000000086a00000, 0x0000000086900000| Untracked 
|  48|0x0000000086a00000, 0x0000000086b00000, 0x0000000086b00000|100%| O|  |TAMS 0x0000000086b00000, 0x0000000086a00000| Untracked 
|  49|0x0000000086b00000, 0x0000000086c00000, 0x0000000086c00000|100%| O|  |TAMS 0x0000000086c00000, 0x0000000086b00000| Untracked 
|  50|0x0000000086c00000, 0x0000000086d00000, 0x0000000086d00000|100%| O|  |TAMS 0x0000000086d00000, 0x0000000086c00000| Untracked 
|  51|0x0000000086d00000, 0x0000000086e00000, 0x0000000086e00000|100%| O|  |TAMS 0x0000000086e00000, 0x0000000086d00000| Untracked 
|  52|0x0000000086e00000, 0x0000000086f00000, 0x0000000086f00000|100%| O|  |TAMS 0x0000000086f00000, 0x0000000086e00000| Untracked 
|  53|0x0000000086f00000, 0x0000000087000000, 0x0000000087000000|100%| O|  |TAMS 0x0000000087000000, 0x0000000086f00000| Untracked 
|  54|0x0000000087000000, 0x0000000087100000, 0x0000000087100000|100%| O|  |TAMS 0x00000000870ee600, 0x0000000087000000| Untracked 
|  55|0x0000000087100000, 0x0000000087200000, 0x0000000087200000|100%|HS|  |TAMS 0x0000000087100000, 0x0000000087100000| Complete 
|  56|0x0000000087200000, 0x0000000087300000, 0x0000000087300000|100%| O|  |TAMS 0x0000000087200000, 0x0000000087200000| Untracked 
|  57|0x0000000087300000, 0x0000000087400000, 0x0000000087400000|100%| O|  |TAMS 0x0000000087300000, 0x0000000087300000| Untracked 
|  58|0x0000000087400000, 0x0000000087500000, 0x0000000087500000|100%| O|  |TAMS 0x0000000087400000, 0x0000000087400000| Untracked 
|  59|0x0000000087500000, 0x0000000087600000, 0x0000000087600000|100%| O|  |TAMS 0x0000000087500000, 0x0000000087500000| Untracked 
|  60|0x0000000087600000, 0x0000000087700000, 0x0000000087700000|100%| O|  |TAMS 0x0000000087600000, 0x0000000087600000| Untracked 
|  61|0x0000000087700000, 0x0000000087800000, 0x0000000087800000|100%| O|  |TAMS 0x0000000087700000, 0x0000000087700000| Untracked 
|  62|0x0000000087800000, 0x0000000087900000, 0x0000000087900000|100%| O|  |TAMS 0x0000000087800000, 0x0000000087800000| Untracked 
|  63|0x0000000087900000, 0x0000000087a00000, 0x0000000087a00000|100%| O|  |TAMS 0x0000000087900000, 0x0000000087900000| Untracked 
|  64|0x0000000087a00000, 0x0000000087b00000, 0x0000000087b00000|100%| O|  |TAMS 0x0000000087a00000, 0x0000000087a00000| Untracked 
|  65|0x0000000087b00000, 0x0000000087c00000, 0x0000000087c00000|100%| O|  |TAMS 0x0000000087b00000, 0x0000000087b00000| Untracked 
|  66|0x0000000087c00000, 0x0000000087d00000, 0x0000000087d00000|100%| O|  |TAMS 0x0000000087c00000, 0x0000000087c00000| Untracked 
|  67|0x0000000087d00000, 0x0000000087e00000, 0x0000000087e00000|100%| O|  |TAMS 0x0000000087d00000, 0x0000000087d00000| Untracked 
|  68|0x0000000087e00000, 0x0000000087f00000, 0x0000000087f00000|100%| O|  |TAMS 0x0000000087e00000, 0x0000000087e00000| Untracked 
|  69|0x0000000087f00000, 0x0000000088000000, 0x0000000088000000|100%| O|  |TAMS 0x0000000087f00000, 0x0000000087f00000| Untracked 
|  70|0x0000000088000000, 0x0000000088100000, 0x0000000088100000|100%| O|  |TAMS 0x0000000088000000, 0x0000000088000000| Untracked 
|  71|0x0000000088100000, 0x0000000088200000, 0x0000000088200000|100%| O|  |TAMS 0x0000000088100000, 0x0000000088100000| Untracked 
|  72|0x0000000088200000, 0x0000000088300000, 0x0000000088300000|100%| O|  |TAMS 0x0000000088200000, 0x0000000088200000| Untracked 
|  73|0x0000000088300000, 0x0000000088400000, 0x0000000088400000|100%| O|  |TAMS 0x0000000088300000, 0x0000000088300000| Untracked 
|  74|0x0000000088400000, 0x0000000088500000, 0x0000000088500000|100%| O|  |TAMS 0x0000000088400000, 0x0000000088400000| Untracked 
|  75|0x0000000088500000, 0x0000000088600000, 0x0000000088600000|100%| O|  |TAMS 0x0000000088500000, 0x0000000088500000| Untracked 
|  76|0x0000000088600000, 0x0000000088700000, 0x0000000088700000|100%| O|  |TAMS 0x0000000088600000, 0x0000000088600000| Untracked 
|  77|0x0000000088700000, 0x0000000088800000, 0x0000000088800000|100%| O|  |TAMS 0x0000000088700000, 0x0000000088700000| Untracked 
|  78|0x0000000088800000, 0x0000000088900000, 0x0000000088900000|100%| O|  |TAMS 0x0000000088800000, 0x0000000088800000| Untracked 
|  79|0x0000000088900000, 0x00000000889a6000, 0x0000000088a00000| 64%| O|  |TAMS 0x0000000088900000, 0x0000000088900000| Untracked 
|  80|0x0000000088a00000, 0x0000000088a00000, 0x0000000088b00000|  0%| F|  |TAMS 0x0000000088a00000, 0x0000000088a00000| Untracked 
|  81|0x0000000088b00000, 0x0000000088b00000, 0x0000000088c00000|  0%| F|  |TAMS 0x0000000088b00000, 0x0000000088b00000| Untracked 
|  82|0x0000000088c00000, 0x0000000088c00000, 0x0000000088d00000|  0%| F|  |TAMS 0x0000000088c00000, 0x0000000088c00000| Untracked 
|  83|0x0000000088d00000, 0x0000000088d00000, 0x0000000088e00000|  0%| F|  |TAMS 0x0000000088d00000, 0x0000000088d00000| Untracked 
|  84|0x0000000088e00000, 0x0000000088e00000, 0x0000000088f00000|  0%| F|  |TAMS 0x0000000088e00000, 0x0000000088e00000| Untracked 
|  85|0x0000000088f00000, 0x0000000088f00000, 0x0000000089000000|  0%| F|  |TAMS 0x0000000088f00000, 0x0000000088f00000| Untracked 
|  86|0x0000000089000000, 0x0000000089000000, 0x0000000089100000|  0%| F|  |TAMS 0x0000000089000000, 0x0000000089000000| Untracked 
|  87|0x0000000089100000, 0x0000000089100000, 0x0000000089200000|  0%| F|  |TAMS 0x0000000089100000, 0x0000000089100000| Untracked 
|  88|0x0000000089200000, 0x0000000089200000, 0x0000000089300000|  0%| F|  |TAMS 0x0000000089200000, 0x0000000089200000| Untracked 
|  89|0x0000000089300000, 0x0000000089300000, 0x0000000089400000|  0%| F|  |TAMS 0x0000000089300000, 0x0000000089300000| Untracked 
|  90|0x0000000089400000, 0x0000000089400000, 0x0000000089500000|  0%| F|  |TAMS 0x0000000089400000, 0x0000000089400000| Untracked 
|  91|0x0000000089500000, 0x0000000089500000, 0x0000000089600000|  0%| F|  |TAMS 0x0000000089500000, 0x0000000089500000| Untracked 
|  92|0x0000000089600000, 0x0000000089600000, 0x0000000089700000|  0%| F|  |TAMS 0x0000000089600000, 0x0000000089600000| Untracked 
|  93|0x0000000089700000, 0x0000000089700000, 0x0000000089800000|  0%| F|  |TAMS 0x0000000089700000, 0x0000000089700000| Untracked 
|  94|0x0000000089800000, 0x0000000089800000, 0x0000000089900000|  0%| F|  |TAMS 0x0000000089800000, 0x0000000089800000| Untracked 
|  95|0x0000000089900000, 0x0000000089900000, 0x0000000089a00000|  0%| F|  |TAMS 0x0000000089900000, 0x0000000089900000| Untracked 
|  96|0x0000000089a00000, 0x0000000089a00000, 0x0000000089b00000|  0%| F|  |TAMS 0x0000000089a00000, 0x0000000089a00000| Untracked 
|  97|0x0000000089b00000, 0x0000000089b00000, 0x0000000089c00000|  0%| F|  |TAMS 0x0000000089b00000, 0x0000000089b00000| Untracked 
|  98|0x0000000089c00000, 0x0000000089c00000, 0x0000000089d00000|  0%| F|  |TAMS 0x0000000089c00000, 0x0000000089c00000| Untracked 
|  99|0x0000000089d00000, 0x0000000089d00000, 0x0000000089e00000|  0%| F|  |TAMS 0x0000000089d00000, 0x0000000089d00000| Untracked 
| 100|0x0000000089e00000, 0x0000000089e00000, 0x0000000089f00000|  0%| F|  |TAMS 0x0000000089e00000, 0x0000000089e00000| Untracked 
| 101|0x0000000089f00000, 0x0000000089f00000, 0x000000008a000000|  0%| F|  |TAMS 0x0000000089f00000, 0x0000000089f00000| Untracked 
| 102|0x000000008a000000, 0x000000008a000000, 0x000000008a100000|  0%| F|  |TAMS 0x000000008a000000, 0x000000008a000000| Untracked 
| 103|0x000000008a100000, 0x000000008a100000, 0x000000008a200000|  0%| F|  |TAMS 0x000000008a100000, 0x000000008a100000| Untracked 
| 104|0x000000008a200000, 0x000000008a200000, 0x000000008a300000|  0%| F|  |TAMS 0x000000008a200000, 0x000000008a200000| Untracked 
| 105|0x000000008a300000, 0x000000008a300000, 0x000000008a400000|  0%| F|  |TAMS 0x000000008a300000, 0x000000008a300000| Untracked 
| 106|0x000000008a400000, 0x000000008a400000, 0x000000008a500000|  0%| F|  |TAMS 0x000000008a400000, 0x000000008a400000| Untracked 
| 107|0x000000008a500000, 0x000000008a600000, 0x000000008a600000|100%| S|CS|TAMS 0x000000008a500000, 0x000000008a500000| Complete 
| 108|0x000000008a600000, 0x000000008a700000, 0x000000008a700000|100%| S|CS|TAMS 0x000000008a600000, 0x000000008a600000| Complete 
| 109|0x000000008a700000, 0x000000008a800000, 0x000000008a800000|100%| S|CS|TAMS 0x000000008a700000, 0x000000008a700000| Complete 
| 110|0x000000008a800000, 0x000000008a900000, 0x000000008a900000|100%| S|CS|TAMS 0x000000008a800000, 0x000000008a800000| Complete 
| 111|0x000000008a900000, 0x000000008aa00000, 0x000000008aa00000|100%| S|CS|TAMS 0x000000008a900000, 0x000000008a900000| Complete 
| 112|0x000000008aa00000, 0x000000008ab00000, 0x000000008ab00000|100%| S|CS|TAMS 0x000000008aa00000, 0x000000008aa00000| Complete 
| 113|0x000000008ab00000, 0x000000008ab00000, 0x000000008ac00000|  0%| F|  |TAMS 0x000000008ab00000, 0x000000008ab00000| Untracked 
| 114|0x000000008ac00000, 0x000000008ac00000, 0x000000008ad00000|  0%| F|  |TAMS 0x000000008ac00000, 0x000000008ac00000| Untracked 
| 115|0x000000008ad00000, 0x000000008ad00000, 0x000000008ae00000|  0%| F|  |TAMS 0x000000008ad00000, 0x000000008ad00000| Untracked 
| 116|0x000000008ae00000, 0x000000008ae00000, 0x000000008af00000|  0%| F|  |TAMS 0x000000008ae00000, 0x000000008ae00000| Untracked 
| 117|0x000000008af00000, 0x000000008af00000, 0x000000008b000000|  0%| F|  |TAMS 0x000000008af00000, 0x000000008af00000| Untracked 
| 118|0x000000008b000000, 0x000000008b000000, 0x000000008b100000|  0%| F|  |TAMS 0x000000008b000000, 0x000000008b000000| Untracked 
| 119|0x000000008b100000, 0x000000008b100000, 0x000000008b200000|  0%| F|  |TAMS 0x000000008b100000, 0x000000008b100000| Untracked 
| 120|0x000000008b200000, 0x000000008b200000, 0x000000008b300000|  0%| F|  |TAMS 0x000000008b200000, 0x000000008b200000| Untracked 
| 121|0x000000008b300000, 0x000000008b300000, 0x000000008b400000|  0%| F|  |TAMS 0x000000008b300000, 0x000000008b300000| Untracked 
| 122|0x000000008b400000, 0x000000008b400000, 0x000000008b500000|  0%| F|  |TAMS 0x000000008b400000, 0x000000008b400000| Untracked 
| 123|0x000000008b500000, 0x000000008b500000, 0x000000008b600000|  0%| F|  |TAMS 0x000000008b500000, 0x000000008b500000| Untracked 
| 124|0x000000008b600000, 0x000000008b600000, 0x000000008b700000|  0%| F|  |TAMS 0x000000008b600000, 0x000000008b600000| Untracked 
| 125|0x000000008b700000, 0x000000008b700000, 0x000000008b800000|  0%| F|  |TAMS 0x000000008b700000, 0x000000008b700000| Untracked 
| 126|0x000000008b800000, 0x000000008b800000, 0x000000008b900000|  0%| F|  |TAMS 0x000000008b800000, 0x000000008b800000| Untracked 
| 127|0x000000008b900000, 0x000000008b900000, 0x000000008ba00000|  0%| F|  |TAMS 0x000000008b900000, 0x000000008b900000| Untracked 
| 128|0x000000008ba00000, 0x000000008ba00000, 0x000000008bb00000|  0%| F|  |TAMS 0x000000008ba00000, 0x000000008ba00000| Untracked 
| 129|0x000000008bb00000, 0x000000008bb00000, 0x000000008bc00000|  0%| F|  |TAMS 0x000000008bb00000, 0x000000008bb00000| Untracked 
| 130|0x000000008bc00000, 0x000000008bc00000, 0x000000008bd00000|  0%| F|  |TAMS 0x000000008bc00000, 0x000000008bc00000| Untracked 
| 131|0x000000008bd00000, 0x000000008bd00000, 0x000000008be00000|  0%| F|  |TAMS 0x000000008bd00000, 0x000000008bd00000| Untracked 
| 132|0x000000008be00000, 0x000000008be00000, 0x000000008bf00000|  0%| F|  |TAMS 0x000000008be00000, 0x000000008be00000| Untracked 
| 133|0x000000008bf00000, 0x000000008bf00000, 0x000000008c000000|  0%| F|  |TAMS 0x000000008bf00000, 0x000000008bf00000| Untracked 
| 134|0x000000008c000000, 0x000000008c000000, 0x000000008c100000|  0%| F|  |TAMS 0x000000008c000000, 0x000000008c000000| Untracked 
| 135|0x000000008c100000, 0x000000008c100000, 0x000000008c200000|  0%| F|  |TAMS 0x000000008c100000, 0x000000008c100000| Untracked 
| 136|0x000000008c200000, 0x000000008c200000, 0x000000008c300000|  0%| F|  |TAMS 0x000000008c200000, 0x000000008c200000| Untracked 
| 137|0x000000008c300000, 0x000000008c300000, 0x000000008c400000|  0%| F|  |TAMS 0x000000008c300000, 0x000000008c300000| Untracked 
| 138|0x000000008c400000, 0x000000008c400000, 0x000000008c500000|  0%| F|  |TAMS 0x000000008c400000, 0x000000008c400000| Untracked 
| 139|0x000000008c500000, 0x000000008c500000, 0x000000008c600000|  0%| F|  |TAMS 0x000000008c500000, 0x000000008c500000| Untracked 
| 140|0x000000008c600000, 0x000000008c600000, 0x000000008c700000|  0%| F|  |TAMS 0x000000008c600000, 0x000000008c600000| Untracked 
| 141|0x000000008c700000, 0x000000008c700000, 0x000000008c800000|  0%| F|  |TAMS 0x000000008c700000, 0x000000008c700000| Untracked 
| 142|0x000000008c800000, 0x000000008c800000, 0x000000008c900000|  0%| F|  |TAMS 0x000000008c800000, 0x000000008c800000| Untracked 
| 143|0x000000008c900000, 0x000000008c900000, 0x000000008ca00000|  0%| F|  |TAMS 0x000000008c900000, 0x000000008c900000| Untracked 
| 144|0x000000008ca00000, 0x000000008ca00000, 0x000000008cb00000|  0%| F|  |TAMS 0x000000008ca00000, 0x000000008ca00000| Untracked 
| 145|0x000000008cb00000, 0x000000008cb00000, 0x000000008cc00000|  0%| F|  |TAMS 0x000000008cb00000, 0x000000008cb00000| Untracked 
| 146|0x000000008cc00000, 0x000000008cc00000, 0x000000008cd00000|  0%| F|  |TAMS 0x000000008cc00000, 0x000000008cc00000| Untracked 
| 147|0x000000008cd00000, 0x000000008cd00000, 0x000000008ce00000|  0%| F|  |TAMS 0x000000008cd00000, 0x000000008cd00000| Untracked 
| 148|0x000000008ce00000, 0x000000008ce00000, 0x000000008cf00000|  0%| F|  |TAMS 0x000000008ce00000, 0x000000008ce00000| Untracked 
| 149|0x000000008cf00000, 0x000000008cf00000, 0x000000008d000000|  0%| F|  |TAMS 0x000000008cf00000, 0x000000008cf00000| Untracked 
| 150|0x000000008d000000, 0x000000008d000000, 0x000000008d100000|  0%| F|  |TAMS 0x000000008d000000, 0x000000008d000000| Untracked 
| 151|0x000000008d100000, 0x000000008d100000, 0x000000008d200000|  0%| F|  |TAMS 0x000000008d100000, 0x000000008d100000| Untracked 

Card table byte_map: [0x000001cee6f40000,0x000001cee7330000] _byte_map_base: 0x000001cee6b23000

Marking Bits (Prev, Next): (CMBitMap*) 0x000001cecfa32958, (CMBitMap*) 0x000001cecfa32990
 Prev Bits: [0x000001cee7720000, 0x000001cee9638000)
 Next Bits: [0x000001cee9640000, 0x000001ceeb558000)

Polling page: 0x000001cecfae0000

Metaspace:

Usage:
  Non-class:     31.52 MB capacity,    31.07 MB ( 99%) used,   393.08 KB (  1%) free+waste,    68.75 KB ( <1%) overhead. 
      Class:      3.89 MB capacity,     3.64 MB ( 93%) used,   232.37 KB (  6%) free+waste,    29.13 KB ( <1%) overhead. 
       Both:     35.41 MB capacity,    34.70 MB ( 98%) used,   625.45 KB (  2%) free+waste,    97.88 KB ( <1%) overhead. 

Virtual space:
  Non-class space:       32.00 MB reserved,      31.63 MB ( 99%) committed 
      Class space:        1.00 GB reserved,       3.95 MB ( <1%) committed 
             Both:        1.03 GB reserved,      35.57 MB (  3%) committed 

Chunk freelists:
   Non-Class:  5.88 KB
       Class:  1.63 KB
        Both:  7.50 KB

CodeHeap 'non-profiled nmethods': size=120000Kb used=3863Kb max_used=3863Kb free=116137Kb
 bounds [0x000001cedeba0000, 0x000001cedef70000, 0x000001cee60d0000]
CodeHeap 'profiled nmethods': size=120000Kb used=15996Kb max_used=15996Kb free=104003Kb
 bounds [0x000001ced7670000, 0x000001ced8610000, 0x000001cedeba0000]
CodeHeap 'non-nmethods': size=5760Kb used=1159Kb max_used=1201Kb free=4600Kb
 bounds [0x000001ced70d0000, 0x000001ced7340000, 0x000001ced7670000]
 total_blobs=7348 nmethods=6864 adapters=395
 compilation: enabled
              stopped_count=0, restarted_count=0
 full_count=0

Compilation events (10 events):
Event: 9.418 Thread 0x000001ceee055000 6950       3       com.sun.tools.javac.file.JavacFileManager$ArchiveContainer$2::preVisitDirectory (10 bytes)
Event: 9.418 Thread 0x000001ceee055000 nmethod 6950 0x000001ced8606b10 code [0x000001ced8606ce0, 0x000001ced86070b8]
Event: 9.418 Thread 0x000001ceee055000 6951       3       com.sun.tools.javac.file.JavacFileManager$ArchiveContainer$2::preVisitDirectory (24 bytes)
Event: 9.419 Thread 0x000001ceee055000 nmethod 6951 0x000001ced8607210 code [0x000001ced86073c0, 0x000001ced8607618]
Event: 9.422 Thread 0x000001ceee055000 6954       3       sun.nio.fs.WindowsPath::resolve (393 bytes)
Event: 9.425 Thread 0x000001ceee055000 nmethod 6954 0x000001ced8607710 code [0x000001ced8607f40, 0x000001ced860c7a8]
Event: 9.426 Thread 0x000001ceee055000 6959       3       java.util.Iterator::forEachRemaining (30 bytes)
Event: 9.426 Thread 0x000001ceee055000 nmethod 6959 0x000001ced860df10 code [0x000001ced860e100, 0x000001ced860e638]
Event: 9.426 Thread 0x000001ceee055000 6957       3       com.sun.tools.javac.jvm.ClassReader$AnnotationCompleter::<init> (93 bytes)
Event: 9.426 Thread 0x000001ceee055000 nmethod 6957 0x000001ced860e810 code [0x000001ced860ea00, 0x000001ced860f128]

GC Heap History (10 events):
Event: 6.396 GC heap after
{Heap after GC invocations=8 (full 0):
 garbage-first heap   total 155648K, used 46080K [0x0000000083a00000, 0x0000000100000000)
  region size 1024K, 9 young (9216K), 9 survivors (9216K)
 Metaspace       used 30611K, capacity 31177K, committed 31488K, reserved 1077248K
  class space    used 3233K, capacity 3468K, committed 3584K, reserved 1048576K
}
Event: 7.195 GC heap before
{Heap before GC invocations=8 (full 0):
 garbage-first heap   total 155648K, used 100352K [0x0000000083a00000, 0x0000000100000000)
  region size 1024K, 63 young (64512K), 9 survivors (9216K)
 Metaspace       used 32525K, capacity 33230K, committed 33408K, reserved 1079296K
  class space    used 3432K, capacity 3681K, committed 3712K, reserved 1048576K
}
Event: 7.211 GC heap after
{Heap after GC invocations=9 (full 0):
 garbage-first heap   total 155648K, used 55296K [0x0000000083a00000, 0x0000000100000000)
  region size 1024K, 8 young (8192K), 8 survivors (8192K)
 Metaspace       used 32525K, capacity 33230K, committed 33408K, reserved 1079296K
  class space    used 3432K, capacity 3681K, committed 3712K, reserved 1048576K
}
Event: 7.606 GC heap before
{Heap before GC invocations=9 (full 0):
 garbage-first heap   total 155648K, used 106496K [0x0000000083a00000, 0x0000000100000000)
  region size 1024K, 58 young (59392K), 8 survivors (8192K)
 Metaspace       used 35019K, capacity 35787K, committed 35840K, reserved 1081344K
  class space    used 3687K, capacity 3939K, committed 3968K, reserved 1048576K
}
Event: 7.615 GC heap after
{Heap after GC invocations=10 (full 0):
 garbage-first heap   total 155648K, used 58157K [0x0000000083a00000, 0x0000000100000000)
  region size 1024K, 2 young (2048K), 2 survivors (2048K)
 Metaspace       used 35019K, capacity 35787K, committed 35840K, reserved 1081344K
  class space    used 3687K, capacity 3939K, committed 3968K, reserved 1048576K
}
Event: 7.620 GC heap before
{Heap before GC invocations=10 (full 0):
 garbage-first heap   total 155648K, used 58157K [0x0000000083a00000, 0x0000000100000000)
  region size 1024K, 3 young (3072K), 2 survivors (2048K)
 Metaspace       used 35068K, capacity 35787K, committed 35840K, reserved 1081344K
  class space    used 3692K, capacity 3939K, committed 3968K, reserved 1048576K
}
Event: 7.623 GC heap after
{Heap after GC invocations=11 (full 0):
 garbage-first heap   total 155648K, used 57759K [0x0000000083a00000, 0x0000000100000000)
  region size 1024K, 2 young (2048K), 2 survivors (2048K)
 Metaspace       used 35068K, capacity 35787K, committed 35840K, reserved 1081344K
  class space    used 3692K, capacity 3939K, committed 3968K, reserved 1048576K
}
Event: 8.803 GC heap before
{Heap before GC invocations=12 (full 0):
 garbage-first heap   total 155648K, used 112031K [0x0000000083a00000, 0x0000000100000000)
  region size 1024K, 53 young (54272K), 2 survivors (2048K)
 Metaspace       used 35492K, capacity 36260K, committed 36428K, reserved 1081344K
  class space    used 3725K, capacity 3987K, committed 4044K, reserved 1048576K
}
Event: 8.814 GC heap after
{Heap after GC invocations=13 (full 0):
 garbage-first heap   total 155648K, used 73600K [0x0000000083a00000, 0x0000000100000000)
  region size 1024K, 7 young (7168K), 7 survivors (7168K)
 Metaspace       used 35492K, capacity 36260K, committed 36428K, reserved 1081344K
  class space    used 3725K, capacity 3987K, committed 4044K, reserved 1048576K
}
Event: 9.434 GC heap before
{Heap before GC invocations=13 (full 0):
 garbage-first heap   total 155648K, used 113536K [0x0000000083a00000, 0x0000000100000000)
  region size 1024K, 46 young (47104K), 7 survivors (7168K)
 Metaspace       used 35536K, capacity 36260K, committed 36428K, reserved 1081344K
  class space    used 3725K, capacity 3987K, committed 4044K, reserved 1048576K
}

Deoptimization events (10 events):
Event: 7.837 Thread 0x000001cecf9f7000 Uncommon trap: reason=unstable_if action=reinterpret pc=0x000001cedeecb140 method=java.lang.StringLatin1.lastIndexOf([BI[BII)I @ 32 c2
Event: 8.298 Thread 0x000001cecf9f7000 Uncommon trap: reason=unstable_if action=reinterpret pc=0x000001cedee8a074 method=java.util.zip.ZipFile$Source.isMetaName([BII)Z @ 57 c2
Event: 8.298 Thread 0x000001cecf9f7000 Uncommon trap: reason=unstable_if action=reinterpret pc=0x000001cedebbf794 method=java.util.zip.ZipFile$Source.isMetaName([BII)Z @ 57 c2
Event: 8.372 Thread 0x000001cecf9f7000 Uncommon trap: reason=class_check action=maybe_recompile pc=0x000001cedef13e50 method=com.sun.tools.javac.code.Symtab.lookupPackage(Lcom/sun/tools/javac/code/Symbol$ModuleSymbol;Lcom/sun/tools/javac/util/Name;Z)Lcom/sun/tools/javac/code/Symbol$PackageSymb
Event: 8.373 Thread 0x000001cecf9f7000 Uncommon trap: reason=class_check action=maybe_recompile pc=0x000001cedef13e50 method=com.sun.tools.javac.code.Symtab.lookupPackage(Lcom/sun/tools/javac/code/Symbol$ModuleSymbol;Lcom/sun/tools/javac/util/Name;Z)Lcom/sun/tools/javac/code/Symbol$PackageSymb
Event: 8.373 Thread 0x000001cecf9f7000 Uncommon trap: reason=class_check action=maybe_recompile pc=0x000001cedef13e50 method=com.sun.tools.javac.code.Symtab.lookupPackage(Lcom/sun/tools/javac/code/Symbol$ModuleSymbol;Lcom/sun/tools/javac/util/Name;Z)Lcom/sun/tools/javac/code/Symbol$PackageSymb
Event: 8.373 Thread 0x000001cecf9f7000 Uncommon trap: reason=class_check action=maybe_recompile pc=0x000001cedef13e50 method=com.sun.tools.javac.code.Symtab.lookupPackage(Lcom/sun/tools/javac/code/Symbol$ModuleSymbol;Lcom/sun/tools/javac/util/Name;Z)Lcom/sun/tools/javac/code/Symbol$PackageSymb
Event: 8.490 Thread 0x000001cecf9f7000 Uncommon trap: reason=unstable_if action=reinterpret pc=0x000001cedeeccd24 method=jdk.nio.zipfs.ZipPath.getFileName()Ljava/nio/file/Path; @ 12 c2
Event: 8.756 Thread 0x000001cecf9f7000 Uncommon trap: reason=unstable_if action=reinterpret pc=0x000001cedeeace4c method=java.time.LocalDate.create(III)Ljava/time/LocalDate; @ 10 c2
Event: 8.757 Thread 0x000001cecf9f7000 Uncommon trap: reason=unstable_if action=reinterpret pc=0x000001cedeeb1bd8 method=java.time.LocalDate.create(III)Ljava/time/LocalDate; @ 10 c2

Classes redefined (0 events):
No events

Internal exceptions (10 events):
Event: 9.428 Thread 0x000001cecf9f7000 Exception <a 'sun/nio/fs/WindowsException'{0x000000008ab48860}> (0x000000008ab48860) thrown at [./open/src/hotspot/share/prims/jni.cpp, line 611]
Event: 9.428 Thread 0x000001cecf9f7000 Exception <a 'sun/nio/fs/WindowsException'{0x000000008ab48c20}> (0x000000008ab48c20) thrown at [./open/src/hotspot/share/prims/jni.cpp, line 611]
Event: 9.429 Thread 0x000001cecf9f7000 Exception <a 'sun/nio/fs/WindowsException'{0x000000008ab49be0}> (0x000000008ab49be0) thrown at [./open/src/hotspot/share/prims/jni.cpp, line 611]
Event: 9.429 Thread 0x000001cecf9f7000 Exception <a 'sun/nio/fs/WindowsException'{0x000000008ab49f80}> (0x000000008ab49f80) thrown at [./open/src/hotspot/share/prims/jni.cpp, line 611]
Event: 9.429 Thread 0x000001cecf9f7000 Exception <a 'sun/nio/fs/WindowsException'{0x000000008ab56e88}> (0x000000008ab56e88) thrown at [./open/src/hotspot/share/prims/jni.cpp, line 611]
Event: 9.430 Thread 0x000001cecf9f7000 Exception <a 'sun/nio/fs/WindowsException'{0x000000008ab571d8}> (0x000000008ab571d8) thrown at [./open/src/hotspot/share/prims/jni.cpp, line 611]
Event: 9.430 Thread 0x000001cecf9f7000 Exception <a 'sun/nio/fs/WindowsException'{0x000000008ab81780}> (0x000000008ab81780) thrown at [./open/src/hotspot/share/prims/jni.cpp, line 611]
Event: 9.431 Thread 0x000001cecf9f7000 Exception <a 'sun/nio/fs/WindowsException'{0x000000008ab81b10}> (0x000000008ab81b10) thrown at [./open/src/hotspot/share/prims/jni.cpp, line 611]
Event: 9.431 Thread 0x000001cecf9f7000 Exception <a 'sun/nio/fs/WindowsException'{0x000000008ab82b90}> (0x000000008ab82b90) thrown at [./open/src/hotspot/share/prims/jni.cpp, line 611]
Event: 9.431 Thread 0x000001cecf9f7000 Exception <a 'sun/nio/fs/WindowsException'{0x000000008ab82ff0}> (0x000000008ab82ff0) thrown at [./open/src/hotspot/share/prims/jni.cpp, line 611]

Events (10 events):
Event: 8.757 Thread 0x000001cecf9f7000 DEOPT UNPACKING pc=0x000001ced70d83af sp=0x000000a47f4fc640 mode 2
Event: 8.803 Executing VM operation: G1CollectForAllocation
Event: 8.814 Executing VM operation: G1CollectForAllocation done
Event: 9.126 Thread 0x000001cecf9f7000 DEOPT PACKING pc=0x000001ced839fbef sp=0x000000a47f4fcca0
Event: 9.126 Thread 0x000001cecf9f7000 DEOPT UNPACKING pc=0x000001ced70f7c0e sp=0x000000a47f4fc1a8 mode 0
Event: 9.257 Thread 0x000001cecf9f7000 DEOPT PACKING pc=0x000001ced8297581 sp=0x000000a47f4fcc50
Event: 9.257 Thread 0x000001cecf9f7000 DEOPT UNPACKING pc=0x000001ced70f7c0e sp=0x000000a47f4fc170 mode 0
Event: 9.311 Thread 0x000001cecf9f7000 DEOPT PACKING pc=0x000001ced8297581 sp=0x000000a47f4fcc50
Event: 9.311 Thread 0x000001cecf9f7000 DEOPT UNPACKING pc=0x000001ced70f7c0e sp=0x000000a47f4fc170 mode 0
Event: 9.434 Executing VM operation: G1CollectForAllocation


Dynamic libraries:
0x00007ff62ff90000 - 0x00007ff62ff9f000 	C:\Program Files\Java\jdk-11.0.16\bin\java.exe
0x00007fff6a8f0000 - 0x00007fff6aae8000 	C:\windows\SYSTEM32\ntdll.dll
0x00007fff68a30000 - 0x00007fff68aed000 	C:\windows\System32\KERNEL32.DLL
0x00007fff683e0000 - 0x00007fff686ae000 	C:\windows\System32\KERNELBASE.dll
0x00007fff686b0000 - 0x00007fff687b0000 	C:\windows\System32\ucrtbase.dll
0x00007fff4e570000 - 0x00007fff4e588000 	C:\Program Files\Java\jdk-11.0.16\bin\jli.dll
0x00007fff69970000 - 0x00007fff69a1e000 	C:\windows\System32\ADVAPI32.dll
0x00007fff4db00000 - 0x00007fff4db15000 	C:\Program Files\Java\jdk-11.0.16\bin\VCRUNTIME140.dll
0x00007fff694e0000 - 0x00007fff6957e000 	C:\windows\System32\msvcrt.dll
0x00007fff69440000 - 0x00007fff694dc000 	C:\windows\System32\sechost.dll
0x00007fff6a330000 - 0x00007fff6a455000 	C:\windows\System32\RPCRT4.dll
0x00007fff6a190000 - 0x00007fff6a330000 	C:\windows\System32\USER32.dll
0x00007fff68010000 - 0x00007fff68032000 	C:\windows\System32\win32u.dll
0x00007fff48380000 - 0x00007fff4861a000 	C:\windows\WinSxS\amd64_microsoft.windows.common-controls_6595b64144ccf1df_6.0.19041.1110_none_60b5254171f9507e\COMCTL32.dll
0x00007fff69ff0000 - 0x00007fff6a01a000 	C:\windows\System32\GDI32.dll
0x00007fff68220000 - 0x00007fff6832b000 	C:\windows\System32\gdi32full.dll
0x00007fff68820000 - 0x00007fff688bd000 	C:\windows\System32\msvcp_win.dll
0x00007fff60540000 - 0x00007fff6054a000 	C:\windows\SYSTEM32\VERSION.dll
0x00007fff68af0000 - 0x00007fff68b20000 	C:\windows\System32\IMM32.DLL
0x00007fff33440000 - 0x00007fff334db000 	C:\Program Files\Java\jdk-11.0.16\bin\msvcp140.dll
0x00007ffef6e60000 - 0x00007ffef7978000 	C:\Program Files\Java\jdk-11.0.16\bin\server\jvm.dll
0x00007fff6a460000 - 0x00007fff6a468000 	C:\windows\System32\PSAPI.DLL
0x00007fff64f20000 - 0x00007fff64f29000 	C:\windows\SYSTEM32\WSOCK32.dll
0x00007fff69f80000 - 0x00007fff69feb000 	C:\windows\System32\WS2_32.dll
0x00007fff46940000 - 0x00007fff46967000 	C:\windows\SYSTEM32\WINMM.dll
0x00007fff66850000 - 0x00007fff66862000 	C:\windows\SYSTEM32\kernel.appcore.dll
0x00007fff4e5f0000 - 0x00007fff4e600000 	C:\Program Files\Java\jdk-11.0.16\bin\verify.dll
0x00007fff65c00000 - 0x00007fff65de4000 	C:\windows\SYSTEM32\DBGHELP.DLL
0x00007fff4f4f0000 - 0x00007fff4f51c000 	C:\windows\SYSTEM32\dbgcore.DLL
0x00007fff688c0000 - 0x00007fff68942000 	C:\windows\System32\bcryptPrimitives.dll
0x00007fff4c650000 - 0x00007fff4c678000 	C:\Program Files\Java\jdk-11.0.16\bin\java.dll
0x00007fff4daf0000 - 0x00007fff4dafa000 	C:\Program Files\Java\jdk-11.0.16\bin\jimage.dll
0x00007fff4c630000 - 0x00007fff4c646000 	C:\Program Files\Java\jdk-11.0.16\bin\zip.dll
0x00007fff68cf0000 - 0x00007fff69433000 	C:\windows\System32\SHELL32.dll
0x00007fff65ef0000 - 0x00007fff66685000 	C:\windows\SYSTEM32\windows.storage.dll
0x00007fff6a470000 - 0x00007fff6a7c4000 	C:\windows\System32\combase.dll
0x00007fff679a0000 - 0x00007fff679d0000 	C:\windows\SYSTEM32\Wldp.dll
0x00007fff6a080000 - 0x00007fff6a12d000 	C:\windows\System32\SHCORE.dll
0x00007fff69a20000 - 0x00007fff69a75000 	C:\windows\System32\shlwapi.dll
0x00007fff67f50000 - 0x00007fff67f6f000 	C:\windows\SYSTEM32\profapi.dll
0x00007fff4c540000 - 0x00007fff4c559000 	C:\Program Files\Java\jdk-11.0.16\bin\net.dll
0x00007fff625f0000 - 0x00007fff626fa000 	C:\windows\SYSTEM32\WINHTTP.dll
0x00007fff676c0000 - 0x00007fff6772a000 	C:\windows\system32\mswsock.dll
0x00007fff40be0000 - 0x00007fff40bf2000 	C:\Program Files\Java\jdk-11.0.16\bin\nio.dll
0x00007fff4e7f0000 - 0x00007fff4e7fa000 	C:\Program Files\apache-maven-3.6.1-bin\apache-maven-3.6.1\lib\jansi-native\windows64\jansi.dll

dbghelp: loaded successfully - version: 4.0.5 - missing functions: none
symbol engine: initialized successfully - sym options: 0x614 - pdb path: .;C:\Program Files\Java\jdk-11.0.16\bin;C:\windows\SYSTEM32;C:\windows\WinSxS\amd64_microsoft.windows.common-controls_6595b64144ccf1df_6.0.19041.1110_none_60b5254171f9507e;C:\Program Files\Java\jdk-11.0.16\bin\server;C:\Program Files\apache-maven-3.6.1-bin\apache-maven-3.6.1\lib\jansi-native\windows64

VM Arguments:
jvm_args: -Dclassworlds.conf=C:\Program Files\apache-maven-3.6.1-bin\apache-maven-3.6.1\bin\..\bin\m2.conf -Dmaven.home=C:\Program Files\apache-maven-3.6.1-bin\apache-maven-3.6.1\bin\.. -Dlibrary.jansi.path=C:\Program Files\apache-maven-3.6.1-bin\apache-maven-3.6.1\bin\..\lib\jansi-native -Dmaven.multiModuleProjectDirectory=D:\Workspace\e-auction\spring-cloud-stream-publisher 
java_command: org.codehaus.plexus.classworlds.launcher.Launcher clean install
java_class_path (initial): C:\Program Files\apache-maven-3.6.1-bin\apache-maven-3.6.1\bin\..\boot\plexus-classworlds-2.6.0.jar
Launcher Type: SUN_STANDARD

[Global flags]
     intx CICompilerCount                          = 4                                         {product} {ergonomic}
     uint ConcGCThreads                            = 2                                         {product} {ergonomic}
     uint G1ConcRefinementThreads                  = 8                                         {product} {ergonomic}
   size_t G1HeapRegionSize                         = 1048576                                   {product} {ergonomic}
    uintx GCDrainStackTargetSize                   = 64                                        {product} {ergonomic}
   size_t InitialHeapSize                          = 132120576                                 {product} {ergonomic}
   size_t MarkStackSize                            = 4194304                                   {product} {ergonomic}
   size_t MaxHeapSize                              = 2086666240                                {product} {ergonomic}
   size_t MaxNewSize                               = 1251999744                                {product} {ergonomic}
   size_t MinHeapDeltaBytes                        = 1048576                                   {product} {ergonomic}
    uintx NonNMethodCodeHeapSize                   = 5836300                                {pd product} {ergonomic}
    uintx NonProfiledCodeHeapSize                  = 122910970                              {pd product} {ergonomic}
    uintx ProfiledCodeHeapSize                     = 122910970                              {pd product} {ergonomic}
    uintx ReservedCodeCacheSize                    = 251658240                              {pd product} {ergonomic}
     bool SegmentedCodeCache                       = true                                      {product} {ergonomic}
     bool UseCompressedClassPointers               = true                                 {lp64_product} {ergonomic}
     bool UseCompressedOops                        = true                                 {lp64_product} {ergonomic}
     bool UseG1GC                                  = true                                      {product} {ergonomic}
     bool UseLargePagesIndividualAllocation        = false                                  {pd product} {ergonomic}

Logging:
Log output configuration:
 #0: stdout all=warning uptime,level,tags
 #1: stderr all=off uptime,level,tags

Environment Variables:
JAVA_HOME=C:\Program Files\Java\jdk-11.0.16
PATH=C:\Program Files\Common Files\Oracle\Java\javapath;C:\Program Files (x86)\Common Files\Oracle\Java\javapath;C:\windows\system32;C:\windows;C:\windows\System32\Wbem;C:\windows\System32\WindowsPowerShell\v1.0\;C:\windows\System32\OpenSSH\;C:\Program Files\nodejs\;%JAVA_HOME%\bin;C:\Program Files\apache-maven-3.6.1-bin\apache-maven-3.6.1\bin;C:\Program Files\Git\cmd;;C:\Program Files\Docker\Docker\resources\bin;C:\ProgramData\DockerDesktop\version-bin;C:\Program Files\Amazon\AWSCLIV2\;C:\Program Files\PuTTY\;C:\Users\parve\AppData\Local\Microsoft\WindowsApps;C:\Users\parve\AppData\Local\Programs\Microsoft VS Code\bin;
USERNAME=parve
OS=Windows_NT
PROCESSOR_IDENTIFIER=Intel64 Family 6 Model 140 Stepping 1, GenuineIntel



---------------  S Y S T E M  ---------------

OS: Windows 10 , 64 bit Build 19041 (10.0.19041.1889)
Hyper-V role detected

CPU:total 8 (initial active 8) (4 cores per cpu, 2 threads per core) family 6 model 140 stepping 1 microcode 0x86, cmov, cx8, fxsr, mmx, sse, sse2, sse3, ssse3, sse4.1, sse4.2, popcnt, avx, avx2, aes, clmul, erms, 3dnowpref, lzcnt, ht, tsc, tscinvbit, bmi1, bmi2, adx, evex, sha, fma

Memory: 4k page, system-wide physical 7957M (364M free)
TotalPageFile size 18905M (AvailPageFile size 7M)
current process WorkingSet (physical memory assigned to process): 298M, peak: 299M
current process commit charge ("private bytes"): 334M, peak: 365M

vm_info: Java HotSpot(TM) 64-Bit Server VM (11.0.16+11-LTS-199) for windows-amd64 JRE (11.0.16+11-LTS-199), built on Jun 28 2022 08:23:17 by "mach5one" with MS VC++ 15.9 (VS2017)

END.
